<?xml version="1.0" encoding="UTF-8"?>
<testng-results ignored="0" total="2" passed="2" failed="0" skipped="0">
  <reporter-output>
  </reporter-output>
  <suite started-at="2022-07-24T10:04:26 IST" name="Default suite" finished-at="2022-07-24T10:04:26 IST" duration-ms="29">
    <groups>
    </groups>
    <test started-at="2022-07-24T10:04:26 IST" name="Default test" finished-at="2022-07-24T10:04:26 IST" duration-ms="29">
      <class name="Day1_.demo_1">
        <test-method signature="Secound()[pri:0, instance:Day1_.demo_1@78aab498]" started-at="2022-07-24T10:04:26 IST" name="Secound" finished-at="2022-07-24T10:04:26 IST" duration-ms="6" status="PASS">
          <reporter-output>
          </reporter-output>
        </test-method> <!-- Secound -->
        <test-method signature="demo()[pri:0, instance:Day1_.demo_1@78aab498]" started-at="2022-07-24T10:04:26 IST" name="demo" finished-at="2022-07-24T10:04:26 IST" duration-ms="1" status="PASS">
          <reporter-output>
          </reporter-output>
        </test-method> <!-- demo -->
      </class> <!-- Day1_.demo_1 -->
    </test> <!-- Default test -->
  </suite> <!-- Default suite -->
</testng-results>
