<?xml version="1.0" encoding="UTF-8"?>
<!-- Generated by org.testng.reporters.JUnitXMLReporter -->
<testsuite ignored="0" hostname="Gaurav" failures="0" tests="9" name="testNGMethod" time="0.071" errors="0" timestamp="2022-07-31T12:13:15 IST">
  <testcase classname="parameters.demo11" name="TestCase1" time="0.007"/>
  <testcase classname="parameters.demo11" name="TestCase2" time="0.001"/>
  <testcase classname="parameters.demo11" name="TestCase3" time="0.002"/>
  <testcase classname="parameters.demo22" name="testCase1" time="0.001"/>
  <testcase classname="parameters.demo22" name="testCase2" time="0.001"/>
  <testcase classname="parameters.demo22" name="testCase3" time="0.002"/>
  <testcase classname="parameters.demo22" name="testCase4" time="0.001"/>
  <testcase classname="parameters.demo22" name="testCase5" time="0.0"/>
  <testcase classname="parameters.demo22" name="testCase6" time="0.001"/>
</testsuite> <!-- testNGMethod -->
