<?xml version="1.0" encoding="UTF-8"?>
<!-- Generated by org.testng.reporters.JUnitXMLReporter -->
<testsuite ignored="2" hostname="Gaurav" failures="0" tests="5" name="carloan" time="0.017" errors="0" timestamp="2022-07-25T12:50:53 IST">
  <testcase classname="testNg_day_1.day3" name="ApicarLoan" time="0.001"/>
  <testcase classname="testNg_day_1.day3" name="weblogincarloan" time="0.001"/>
  <testcase classname="testNg_day_1.day5" name="LoginApihomeLoan" time="0.002"/>
  <testcase classname="testNg_day_1.day5" name="mobileloginhomeloan" time="0.001"/>
  <testcase classname="testNg_day_1.day5" name="webloginhomeloan" time="0.001"/>
  <testcase classname="testNg_day_1.day3" name="mobilesingincarloan" time="0.0">
    <ignored/>
  </testcase> <!-- mobilesingincarloan -->
  <testcase classname="testNg_day_1.day3" name="mobilesingoutcarloan" time="0.0">
    <ignored/>
  </testcase> <!-- mobilesingoutcarloan -->
</testsuite> <!-- carloan -->
