<?xml version="1.0" encoding="UTF-8"?>
<!-- Generated by org.testng.reporters.JUnitXMLReporter -->
<testsuite ignored="1" hostname="Gaurav" failures="0" tests="4" name="personloan" time="0.075" errors="0" timestamp="2022-07-25T12:50:53 IST">
  <testcase classname="testNg_day_1.demo1" name="demo5" time="0.009"/>
  <testcase classname="testNg_day_1.demo" name="opernGoolePage" time="0.002"/>
  <testcase classname="testNg_day_1.day2" name="plan" time="0.001"/>
  <testcase classname="testNg_day_1.day2" name="ploan" time="0.001"/>
  <testcase classname="testNg_day_1.demo" name="opernGoolePage1" time="0.0">
    <ignored/>
  </testcase> <!-- opernGoolePage1 -->
</testsuite> <!-- personloan -->
