<?xml version="1.0" encoding="UTF-8"?>
<!-- Generated by org.testng.reporters.JUnitXMLReporter -->
<testsuite ignored="8" hostname="Gaurav" failures="0" tests="4" name="Regression" time="0.075" errors="0" timestamp="2022-07-25T13:23:58 IST">
  <testcase classname="testNg_day_1.demo" name="opernGoolePage" time="0.014"/>
  <testcase classname="testNg_day_1.day2" name="plan" time="0.002"/>
  <testcase classname="testNg_day_1.day2" name="ploan" time="0.001"/>
  <testcase classname="testNg_day_1.day5" name="mobileloginhomeloan" time="0.002"/>
  <testcase classname="testNg_day_1.day3" name="mobilesingincarloan" time="0.0">
    <ignored/>
  </testcase> <!-- mobilesingincarloan -->
  <testcase classname="testNg_day_1.day3" name="ApicarLoan" time="0.0">
    <ignored/>
  </testcase> <!-- ApicarLoan -->
  <testcase classname="testNg_day_1.day5" name="LoginApihomeLoan" time="0.0">
    <ignored/>
  </testcase> <!-- LoginApihomeLoan -->
  <testcase classname="testNg_day_1.day3" name="weblogincarloan" time="0.0">
    <ignored/>
  </testcase> <!-- weblogincarloan -->
  <testcase classname="testNg_day_1.demo" name="opernGoolePage1" time="0.0">
    <ignored/>
  </testcase> <!-- opernGoolePage1 -->
  <testcase classname="testNg_day_1.demo1" name="demo5" time="0.0">
    <ignored/>
  </testcase> <!-- demo5 -->
  <testcase classname="testNg_day_1.day5" name="webloginhomeloan" time="0.0">
    <ignored/>
  </testcase> <!-- webloginhomeloan -->
  <testcase classname="testNg_day_1.day3" name="mobilesingoutcarloan" time="0.0">
    <ignored/>
  </testcase> <!-- mobilesingoutcarloan -->
</testsuite> <!-- Regression -->
