<?xml version="1.0" encoding="UTF-8"?>
<!-- Generated by org.testng.reporters.JUnitXMLReporter -->
<testsuite ignored="0" hostname="Gaurav" failures="0" tests="4" name="Default test" time="9.525" errors="0" timestamp="2022-08-07T17:35:48 IST">
  <testcase classname="pageClassTest" name="test1" time="0.052"/>
  <testcase classname="pageClassTest" name="test2" time="0.032"/>
  <testcase classname="pageClassTest" name="test3" time="0.059"/>
  <testcase classname="pageClassTest" name="test4" time="0.029"/>
</testsuite> <!-- Default test -->
