<?xml version="1.0" encoding="UTF-8"?>
<testng-results ignored="0" total="1" passed="1" failed="0" skipped="0">
  <reporter-output>
  </reporter-output>
  <suite started-at="2022-08-01T15:24:53 IST" name="Default suite" finished-at="2022-08-01T15:24:53 IST" duration-ms="39">
    <groups>
    </groups>
    <test started-at="2022-08-01T15:24:53 IST" name="Default test" finished-at="2022-08-01T15:24:53 IST" duration-ms="39">
      <class name="testAllCase.First_Test">
        <test-method signature="BTest()[pri:0, instance:testAllCase.First_Test@5b239d7d]" started-at="2022-08-01T15:24:53 IST" name="BTest" finished-at="2022-08-01T15:24:53 IST" duration-ms="7" status="PASS">
          <reporter-output>
          </reporter-output>
        </test-method> <!-- BTest -->
      </class> <!-- testAllCase.First_Test -->
    </test> <!-- Default test -->
  </suite> <!-- Default suite -->
</testng-results>
