<?xml version="1.0" encoding="UTF-8"?>
<!-- Generated by org.testng.reporters.JUnitXMLReporter -->
<testsuite ignored="0" hostname="Gaurav" failures="0" tests="5" name="Default test" time="11.57" errors="0" timestamp="2022-08-06T18:46:23 IST">
  <testcase classname="hacked.kitetestCase" name="alltestcase" time="3.203"/>
  <testcase classname="hacked.kitetestCase" name="testcase2" time="1.974"/>
  <testcase classname="hacked.kitetestCase" name="testcase3" time="2.234"/>
  <testcase classname="hacked.kitetestCase" name="testcase4" time="2.23"/>
  <testcase classname="hacked.kitetestCase" name="testcase5" time="1.866"/>
</testsuite> <!-- Default test -->
