<?xml version="1.0" encoding="UTF-8"?>
<!-- Generated by org.testng.reporters.JUnitXMLReporter -->
<testsuite ignored="0" hostname="Gaurav" failures="0" tests="5" name="Test" time="10.447" errors="0" timestamp="2022-08-06T19:01:21 IST">
  <testcase classname="hacked.kitetestCase" name="alltestcase" time="2.873"/>
  <testcase classname="hacked.kitetestCase" name="testcase2" time="1.837"/>
  <testcase classname="hacked.kitetestCase" name="testcase3" time="1.856"/>
  <testcase classname="hacked.kitetestCase" name="testcase4" time="1.935"/>
  <testcase classname="hacked.kitetestCase" name="testcase5" time="1.883"/>
</testsuite> <!-- Test -->
