<?xml version="1.0" encoding="UTF-8"?>
<testng-results ignored="0" total="6" passed="6" failed="0" skipped="0">
  <reporter-output>
  </reporter-output>
  <suite started-at="2022-08-07T14:56:21 IST" name="Default suite" finished-at="2022-08-07T14:56:24 IST" duration-ms="3337">
    <groups>
    </groups>
    <test started-at="2022-08-07T14:56:21 IST" name="Default test" finished-at="2022-08-07T14:56:24 IST" duration-ms="3337">
      <class name="Testcase.loginpagetest">
        <test-method is-config="true" signature="setup()[pri:0, instance:Testcase.loginpagetest@128d2484]" started-at="2022-08-07T14:56:21 IST" name="setup" finished-at="2022-08-07T14:56:24 IST" duration-ms="3072" status="PASS">
          <reporter-output>
          </reporter-output>
        </test-method> <!-- setup -->
        <test-method signature="testcase1()[pri:0, instance:Testcase.loginpagetest@128d2484]" started-at="2022-08-07T14:56:24 IST" name="testcase1" finished-at="2022-08-07T14:56:24 IST" duration-ms="43" status="PASS">
          <reporter-output>
          </reporter-output>
        </test-method> <!-- testcase1 -->
        <test-method signature="testcase2()[pri:0, instance:Testcase.loginpagetest@128d2484]" started-at="2022-08-07T14:56:24 IST" name="testcase2" finished-at="2022-08-07T14:56:24 IST" duration-ms="29" status="PASS">
          <reporter-output>
          </reporter-output>
        </test-method> <!-- testcase2 -->
        <test-method signature="testcase3()[pri:0, instance:Testcase.loginpagetest@128d2484]" started-at="2022-08-07T14:56:24 IST" name="testcase3" finished-at="2022-08-07T14:56:24 IST" duration-ms="27" status="PASS">
          <reporter-output>
          </reporter-output>
        </test-method> <!-- testcase3 -->
        <test-method signature="testcase4()[pri:0, instance:Testcase.loginpagetest@128d2484]" started-at="2022-08-07T14:56:24 IST" name="testcase4" finished-at="2022-08-07T14:56:24 IST" duration-ms="53" status="PASS">
          <reporter-output>
          </reporter-output>
        </test-method> <!-- testcase4 -->
        <test-method signature="testcase5()[pri:0, instance:Testcase.loginpagetest@128d2484]" started-at="2022-08-07T14:56:24 IST" name="testcase5" finished-at="2022-08-07T14:56:24 IST" duration-ms="25" status="PASS">
          <reporter-output>
          </reporter-output>
        </test-method> <!-- testcase5 -->
        <test-method signature="testcase6()[pri:0, instance:Testcase.loginpagetest@128d2484]" started-at="2022-08-07T14:56:24 IST" name="testcase6" finished-at="2022-08-07T14:56:24 IST" duration-ms="27" status="PASS">
          <reporter-output>
          </reporter-output>
        </test-method> <!-- testcase6 -->
      </class> <!-- Testcase.loginpagetest -->
    </test> <!-- Default test -->
  </suite> <!-- Default suite -->
</testng-results>
