<?xml version="1.0" encoding="UTF-8"?>
<testng-results ignored="0" total="1" passed="1" failed="0" skipped="0">
  <reporter-output>
  </reporter-output>
  <suite started-at="2022-08-08T16:02:53 IST" name="Default suite" finished-at="2022-08-08T16:02:57 IST" duration-ms="3783">
    <groups>
    </groups>
    <test started-at="2022-08-08T16:02:53 IST" name="Default test" finished-at="2022-08-08T16:02:57 IST" duration-ms="3783">
      <class name="Projects.homepagetest">
        <test-method signature="basePageNavigation()[pri:0, instance:Projects.homepagetest@1d2adfbe]" started-at="2022-08-08T16:02:53 IST" name="basePageNavigation" finished-at="2022-08-08T16:02:57 IST" duration-ms="3749" status="PASS">
          <reporter-output>
          </reporter-output>
        </test-method> <!-- basePageNavigation -->
      </class> <!-- Projects.homepagetest -->
    </test> <!-- Default test -->
  </suite> <!-- Default suite -->
</testng-results>
