<?xml version="1.0" encoding="UTF-8"?>
<testng-results ignored="0" total="4" passed="4" failed="0" skipped="0">
  <reporter-output>
  </reporter-output>
  <suite started-at="2022-08-07T17:35:39 IST" name="Default suite" finished-at="2022-08-07T17:35:48 IST" duration-ms="9525">
    <groups>
    </groups>
    <test started-at="2022-08-07T17:35:39 IST" name="Default test" finished-at="2022-08-07T17:35:48 IST" duration-ms="9525">
      <class name="pageClassTest">
        <test-method is-config="true" signature="setup()[pri:0, instance:pageClassTest@35e2d654]" started-at="2022-08-07T17:35:39 IST" name="setup" finished-at="2022-08-07T17:35:42 IST" duration-ms="3032" status="PASS">
          <reporter-output>
          </reporter-output>
        </test-method> <!-- setup -->
        <test-method signature="test1()[pri:0, instance:pageClassTest@35e2d654]" started-at="2022-08-07T17:35:42 IST" name="test1" finished-at="2022-08-07T17:35:42 IST" duration-ms="52" status="PASS">
          <reporter-output>
          </reporter-output>
        </test-method> <!-- test1 -->
        <test-method is-config="true" signature="end()[pri:0, instance:pageClassTest@35e2d654]" started-at="2022-08-07T17:35:42 IST" name="end" finished-at="2022-08-07T17:35:42 IST" duration-ms="139" status="PASS">
          <reporter-output>
          </reporter-output>
        </test-method> <!-- end -->
        <test-method is-config="true" signature="setup()[pri:0, instance:pageClassTest@35e2d654]" started-at="2022-08-07T17:35:42 IST" name="setup" finished-at="2022-08-07T17:35:44 IST" duration-ms="1951" status="PASS">
          <reporter-output>
          </reporter-output>
        </test-method> <!-- setup -->
        <test-method signature="test2()[pri:0, instance:pageClassTest@35e2d654]" started-at="2022-08-07T17:35:44 IST" name="test2" finished-at="2022-08-07T17:35:44 IST" duration-ms="32" status="PASS">
          <reporter-output>
          </reporter-output>
        </test-method> <!-- test2 -->
        <test-method is-config="true" signature="end()[pri:0, instance:pageClassTest@35e2d654]" started-at="2022-08-07T17:35:44 IST" name="end" finished-at="2022-08-07T17:35:44 IST" duration-ms="99" status="PASS">
          <reporter-output>
          </reporter-output>
        </test-method> <!-- end -->
        <test-method is-config="true" signature="setup()[pri:0, instance:pageClassTest@35e2d654]" started-at="2022-08-07T17:35:44 IST" name="setup" finished-at="2022-08-07T17:35:46 IST" duration-ms="1843" status="PASS">
          <reporter-output>
          </reporter-output>
        </test-method> <!-- setup -->
        <test-method signature="test3()[pri:0, instance:pageClassTest@35e2d654]" started-at="2022-08-07T17:35:46 IST" name="test3" finished-at="2022-08-07T17:35:46 IST" duration-ms="59" status="PASS">
          <reporter-output>
          </reporter-output>
        </test-method> <!-- test3 -->
        <test-method is-config="true" signature="end()[pri:0, instance:pageClassTest@35e2d654]" started-at="2022-08-07T17:35:46 IST" name="end" finished-at="2022-08-07T17:35:46 IST" duration-ms="123" status="PASS">
          <reporter-output>
          </reporter-output>
        </test-method> <!-- end -->
        <test-method is-config="true" signature="setup()[pri:0, instance:pageClassTest@35e2d654]" started-at="2022-08-07T17:35:46 IST" name="setup" finished-at="2022-08-07T17:35:48 IST" duration-ms="1878" status="PASS">
          <reporter-output>
          </reporter-output>
        </test-method> <!-- setup -->
        <test-method signature="test4()[pri:0, instance:pageClassTest@35e2d654]" started-at="2022-08-07T17:35:48 IST" name="test4" finished-at="2022-08-07T17:35:48 IST" duration-ms="29" status="PASS">
          <reporter-output>
          </reporter-output>
        </test-method> <!-- test4 -->
        <test-method is-config="true" signature="end()[pri:0, instance:pageClassTest@35e2d654]" started-at="2022-08-07T17:35:48 IST" name="end" finished-at="2022-08-07T17:35:48 IST" duration-ms="217" status="PASS">
          <reporter-output>
          </reporter-output>
        </test-method> <!-- end -->
      </class> <!-- pageClassTest -->
    </test> <!-- Default test -->
  </suite> <!-- Default suite -->
</testng-results>
