<?xml version="1.0" encoding="UTF-8"?>
<!-- Generated by org.testng.reporters.JUnitXMLReporter -->
<testsuite ignored="0" hostname="Gaurav" failures="0" tests="6" name="Default test" time="3.337" errors="0" timestamp="2022-08-07T14:56:24 IST">
  <testcase classname="Testcase.loginpagetest" name="testcase1" time="0.043"/>
  <testcase classname="Testcase.loginpagetest" name="testcase2" time="0.029"/>
  <testcase classname="Testcase.loginpagetest" name="testcase3" time="0.027"/>
  <testcase classname="Testcase.loginpagetest" name="testcase4" time="0.053"/>
  <testcase classname="Testcase.loginpagetest" name="testcase5" time="0.025"/>
  <testcase classname="Testcase.loginpagetest" name="testcase6" time="0.027"/>
</testsuite> <!-- Default test -->
