<?xml version="1.0" encoding="UTF-8"?>
<!-- Generated by org.testng.reporters.JUnitXMLReporter -->
<testsuite ignored="0" hostname="Gaurav" failures="1" tests="9" name="Method" time="0.075" errors="0" timestamp="2022-07-26T13:22:36 IST">
  <testcase classname="testNg_day_1.day2" name="plan" time="0.008"/>
  <testcase classname="testNg_day_1.day2" name="ploan" time="0.001"/>
  <testcase classname="testNg_day_1.day3" name="ApicarLoan" time="0.001"/>
  <testcase classname="testNg_day_1.day3" name="mobilesingincarloan" time="0.002"/>
  <testcase classname="testNg_day_1.day3" name="mobilesingoutcarloan" time="0.002"/>
  <testcase classname="testNg_day_1.day3" name="weblogincarloan" time="0.001"/>
  <testcase classname="testNg_day_1.day5" name="LoginApihomeLoan" time="0.0">
    <failure type="org.testng.TestNGException" message="
Parameter &amp;apos;URl&amp;apos; is required by @Test on method LoginApihomeLoan but has not been marked @Optional or defined
in C:\Users\gaura\eclipse-workspace\TheTestNG\testng5.xml">
      <![CDATA[org.testng.TestNGException: 
Parameter 'URl' is required by @Test on method LoginApihomeLoan but has not been marked @Optional or defined
in C:\Users\gaura\eclipse-workspace\TheTestNG\testng5.xml
at java.base/java.util.ArrayList.forEach(ArrayList.java:1511)
... Removed 26 stack frames]]>
    </failure>
  </testcase> <!-- LoginApihomeLoan -->
  <testcase classname="testNg_day_1.day5" name="mobileloginhomeloan" time="0.001"/>
  <testcase classname="testNg_day_1.day5" name="webloginhomeloan" time="0.0">
    <skipped/>
  </testcase> <!-- webloginhomeloan -->
</testsuite> <!-- Method -->
