<?xml version="1.0" encoding="UTF-8"?>
<testng-results ignored="0" total="2" passed="2" failed="0" skipped="0">
  <reporter-output>
  </reporter-output>
  <suite started-at="2022-08-01T13:32:39 IST" name="Default suite" finished-at="2022-08-01T13:32:51 IST" duration-ms="11777">
    <groups>
    </groups>
    <test started-at="2022-08-01T13:32:39 IST" name="Default test" finished-at="2022-08-01T13:32:51 IST" duration-ms="11777">
      <class name="AllTestCase.First_TestCase">
        <test-method is-config="true" signature="BforeM()[pri:0, instance:AllTestCase.First_TestCase@2f7298b]" started-at="2022-08-01T13:32:39 IST" name="BforeM" finished-at="2022-08-01T13:32:43 IST" duration-ms="3770" status="PASS">
          <reporter-output>
          </reporter-output>
        </test-method> <!-- BforeM -->
        <test-method signature="BTTest()[pri:0, instance:AllTestCase.First_TestCase@2f7298b]" started-at="2022-08-01T13:32:43 IST" name="BTTest" finished-at="2022-08-01T13:32:45 IST" duration-ms="2449" status="PASS">
          <reporter-output>
          </reporter-output>
        </test-method> <!-- BTTest -->
        <test-method is-config="true" signature="AftorM()[pri:0, instance:AllTestCase.First_TestCase@2f7298b]" started-at="2022-08-01T13:32:45 IST" name="AftorM" finished-at="2022-08-01T13:32:45 IST" duration-ms="165" status="PASS">
          <reporter-output>
          </reporter-output>
        </test-method> <!-- AftorM -->
        <test-method is-config="true" signature="BforeM()[pri:0, instance:AllTestCase.First_TestCase@2f7298b]" started-at="2022-08-01T13:32:45 IST" name="BforeM" finished-at="2022-08-01T13:32:48 IST" duration-ms="2717" status="PASS">
          <reporter-output>
          </reporter-output>
        </test-method> <!-- BforeM -->
        <test-method signature="BTTest1()[pri:0, instance:AllTestCase.First_TestCase@2f7298b]" started-at="2022-08-01T13:32:48 IST" name="BTTest1" finished-at="2022-08-01T13:32:50 IST" duration-ms="2483" status="PASS">
          <reporter-output>
          </reporter-output>
        </test-method> <!-- BTTest1 -->
        <test-method is-config="true" signature="AftorM()[pri:0, instance:AllTestCase.First_TestCase@2f7298b]" started-at="2022-08-01T13:32:50 IST" name="AftorM" finished-at="2022-08-01T13:32:51 IST" duration-ms="150" status="PASS">
          <reporter-output>
          </reporter-output>
        </test-method> <!-- AftorM -->
      </class> <!-- AllTestCase.First_TestCase -->
    </test> <!-- Default test -->
  </suite> <!-- Default suite -->
</testng-results>
